2020-12-15 03:47:26 [JavaFX Application Thread] ERROR course.controller.command.impl.SignUpCommand - Error while getting connection result
java.net.SocketException: Connection reset
	at sun.nio.ch.NioSocketImpl.implRead(NioSocketImpl.java:323) ~[?:?]
	at sun.nio.ch.NioSocketImpl.read(NioSocketImpl.java:350) ~[?:?]
	at sun.nio.ch.NioSocketImpl$1.read(NioSocketImpl.java:803) ~[?:?]
	at java.net.Socket$SocketInputStream.read(Socket.java:982) ~[?:?]
	at java.net.Socket$SocketInputStream.read(Socket.java:977) ~[?:?]
	at java.io.ObjectInputStream$PeekInputStream.peek(ObjectInputStream.java:2872) ~[?:?]
	at java.io.ObjectInputStream$BlockDataInputStream.peek(ObjectInputStream.java:3199) ~[?:?]
	at java.io.ObjectInputStream$BlockDataInputStream.peekByte(ObjectInputStream.java:3209) ~[?:?]
	at java.io.ObjectInputStream.readObject0(ObjectInputStream.java:1658) ~[?:?]
	at java.io.ObjectInputStream.readObject(ObjectInputStream.java:517) ~[?:?]
	at java.io.ObjectInputStream.readObject(ObjectInputStream.java:475) ~[?:?]
	at com.traulko.course.client.ClientConnection.getConnectionResult(ClientConnection.java:24) ~[classes/:?]
	at com.traulko.course.client.fxml.TransferFromCardToCardPage.lambda$initialize$1(TransferFromCardToCardPage.java:68) ~[classes/:?]
	at com.sun.javafx.event.CompositeEventHandler.dispatchBubblingEvent(CompositeEventHandler.java:86) ~[javafx.base.jar:?]
	at com.sun.javafx.event.EventHandlerManager.dispatchBubblingEvent(EventHandlerManager.java:238) ~[javafx.base.jar:?]
	at com.sun.javafx.event.EventHandlerManager.dispatchBubblingEvent(EventHandlerManager.java:191) ~[javafx.base.jar:?]
	at com.sun.javafx.event.CompositeEventDispatcher.dispatchBubblingEvent(CompositeEventDispatcher.java:59) ~[javafx.base.jar:?]
	at com.sun.javafx.event.BasicEventDispatcher.dispatchEvent(BasicEventDispatcher.java:58) ~[javafx.base.jar:?]
	at com.sun.javafx.event.EventDispatchChainImpl.dispatchEvent(EventDispatchChainImpl.java:114) ~[javafx.base.jar:?]
	at com.sun.javafx.event.BasicEventDispatcher.dispatchEvent(BasicEventDispatcher.java:56) ~[javafx.base.jar:?]
	at com.sun.javafx.event.EventDispatchChainImpl.dispatchEvent(EventDispatchChainImpl.java:114) ~[javafx.base.jar:?]
	at com.sun.javafx.event.BasicEventDispatcher.dispatchEvent(BasicEventDispatcher.java:56) ~[javafx.base.jar:?]
	at com.sun.javafx.event.EventDispatchChainImpl.dispatchEvent(EventDispatchChainImpl.java:114) ~[javafx.base.jar:?]
	at com.sun.javafx.event.EventUtil.fireEventImpl(EventUtil.java:74) ~[javafx.base.jar:?]
	at com.sun.javafx.event.EventUtil.fireEvent(EventUtil.java:49) ~[javafx.base.jar:?]
	at javafx.event.Event.fireEvent(Event.java:198) ~[javafx.base.jar:?]
	at javafx.scene.Node.fireEvent(Node.java:8879) ~[javafx.graphics.jar:?]
	at javafx.scene.control.Button.fire(Button.java:200) ~[javafx.controls.jar:?]
	at com.sun.javafx.scene.control.behavior.ButtonBehavior.mouseReleased(ButtonBehavior.java:206) ~[javafx.controls.jar:?]
	at com.sun.javafx.scene.control.inputmap.InputMap.handle(InputMap.java:274) ~[javafx.controls.jar:?]
	at com.sun.javafx.event.CompositeEventHandler$NormalEventHandlerRecord.handleBubblingEvent(CompositeEventHandler.java:218) ~[javafx.base.jar:?]
	at com.sun.javafx.event.CompositeEventHandler.dispatchBubblingEvent(CompositeEventHandler.java:80) ~[javafx.base.jar:?]
	at com.sun.javafx.event.EventHandlerManager.dispatchBubblingEvent(EventHandlerManager.java:238) ~[javafx.base.jar:?]
	at com.sun.javafx.event.EventHandlerManager.dispatchBubblingEvent(EventHandlerManager.java:191) ~[javafx.base.jar:?]
	at com.sun.javafx.event.CompositeEventDispatcher.dispatchBubblingEvent(CompositeEventDispatcher.java:59) ~[javafx.base.jar:?]
	at com.sun.javafx.event.BasicEventDispatcher.dispatchEvent(BasicEventDispatcher.java:58) ~[javafx.base.jar:?]
	at com.sun.javafx.event.EventDispatchChainImpl.dispatchEvent(EventDispatchChainImpl.java:114) ~[javafx.base.jar:?]
	at com.sun.javafx.event.BasicEventDispatcher.dispatchEvent(BasicEventDispatcher.java:56) ~[javafx.base.jar:?]
	at com.sun.javafx.event.EventDispatchChainImpl.dispatchEvent(EventDispatchChainImpl.java:114) ~[javafx.base.jar:?]
	at com.sun.javafx.event.BasicEventDispatcher.dispatchEvent(BasicEventDispatcher.java:56) ~[javafx.base.jar:?]
	at com.sun.javafx.event.EventDispatchChainImpl.dispatchEvent(EventDispatchChainImpl.java:114) ~[javafx.base.jar:?]
	at com.sun.javafx.event.EventUtil.fireEventImpl(EventUtil.java:74) ~[javafx.base.jar:?]
	at com.sun.javafx.event.EventUtil.fireEvent(EventUtil.java:54) ~[javafx.base.jar:?]
	at javafx.event.Event.fireEvent(Event.java:198) ~[javafx.base.jar:?]
	at javafx.scene.Scene$MouseHandler.process(Scene.java:3851) ~[javafx.graphics.jar:?]
	at javafx.scene.Scene$MouseHandler.access$1200(Scene.java:3579) ~[javafx.graphics.jar:?]
	at javafx.scene.Scene.processMouseEvent(Scene.java:1849) ~[javafx.graphics.jar:?]
	at javafx.scene.Scene$ScenePeerListener.mouseEvent(Scene.java:2588) ~[javafx.graphics.jar:?]
	at com.sun.javafx.tk.quantum.GlassViewEventHandler$MouseEventNotification.run(GlassViewEventHandler.java:397) ~[javafx.graphics.jar:?]
	at com.sun.javafx.tk.quantum.GlassViewEventHandler$MouseEventNotification.run(GlassViewEventHandler.java:295) ~[javafx.graphics.jar:?]
	at java.security.AccessController.doPrivileged(AccessController.java:391) ~[?:?]
	at com.sun.javafx.tk.quantum.GlassViewEventHandler.lambda$handleMouseEvent$2(GlassViewEventHandler.java:434) ~[javafx.graphics.jar:?]
	at com.sun.javafx.tk.quantum.QuantumToolkit.runWithoutRenderLock(QuantumToolkit.java:390) ~[javafx.graphics.jar:?]
	at com.sun.javafx.tk.quantum.GlassViewEventHandler.handleMouseEvent(GlassViewEventHandler.java:433) ~[javafx.graphics.jar:?]
	at com.sun.glass.ui.View.handleMouseEvent(View.java:556) ~[javafx.graphics.jar:?]
	at com.sun.glass.ui.View.notifyMouse(View.java:942) ~[javafx.graphics.jar:?]
	at com.sun.glass.ui.win.WinApplication._runLoop(Native Method) ~[javafx.graphics.jar:?]
	at com.sun.glass.ui.win.WinApplication.lambda$runLoop$3(WinApplication.java:174) ~[javafx.graphics.jar:?]
	at java.lang.Thread.run(Thread.java:832) [?:?]
2020-12-15 03:47:48 [Thread-2] INFO  traulko.course.dao.connection.ConnectionPool - Connection pool has been filled
2020-12-15 03:48:18 [JavaFX Application Thread] ERROR course.controller.command.impl.SignUpCommand - Error while getting connection result
java.net.SocketException: Connection reset
	at sun.nio.ch.NioSocketImpl.implRead(NioSocketImpl.java:323) ~[?:?]
	at sun.nio.ch.NioSocketImpl.read(NioSocketImpl.java:350) ~[?:?]
	at sun.nio.ch.NioSocketImpl$1.read(NioSocketImpl.java:803) ~[?:?]
	at java.net.Socket$SocketInputStream.read(Socket.java:982) ~[?:?]
	at java.net.Socket$SocketInputStream.read(Socket.java:977) ~[?:?]
	at java.io.ObjectInputStream$PeekInputStream.peek(ObjectInputStream.java:2872) ~[?:?]
	at java.io.ObjectInputStream$BlockDataInputStream.peek(ObjectInputStream.java:3199) ~[?:?]
	at java.io.ObjectInputStream$BlockDataInputStream.peekByte(ObjectInputStream.java:3209) ~[?:?]
	at java.io.ObjectInputStream.readObject0(ObjectInputStream.java:1658) ~[?:?]
	at java.io.ObjectInputStream.readObject(ObjectInputStream.java:517) ~[?:?]
	at java.io.ObjectInputStream.readObject(ObjectInputStream.java:475) ~[?:?]
	at com.traulko.course.client.ClientConnection.getConnectionResult(ClientConnection.java:24) ~[classes/:?]
	at com.traulko.course.client.fxml.TransferFromCardToCardPage.lambda$initialize$1(TransferFromCardToCardPage.java:68) ~[classes/:?]
	at com.sun.javafx.event.CompositeEventHandler.dispatchBubblingEvent(CompositeEventHandler.java:86) ~[javafx.base.jar:?]
	at com.sun.javafx.event.EventHandlerManager.dispatchBubblingEvent(EventHandlerManager.java:238) ~[javafx.base.jar:?]
	at com.sun.javafx.event.EventHandlerManager.dispatchBubblingEvent(EventHandlerManager.java:191) ~[javafx.base.jar:?]
	at com.sun.javafx.event.CompositeEventDispatcher.dispatchBubblingEvent(CompositeEventDispatcher.java:59) ~[javafx.base.jar:?]
	at com.sun.javafx.event.BasicEventDispatcher.dispatchEvent(BasicEventDispatcher.java:58) ~[javafx.base.jar:?]
	at com.sun.javafx.event.EventDispatchChainImpl.dispatchEvent(EventDispatchChainImpl.java:114) ~[javafx.base.jar:?]
	at com.sun.javafx.event.BasicEventDispatcher.dispatchEvent(BasicEventDispatcher.java:56) ~[javafx.base.jar:?]
	at com.sun.javafx.event.EventDispatchChainImpl.dispatchEvent(EventDispatchChainImpl.java:114) ~[javafx.base.jar:?]
	at com.sun.javafx.event.BasicEventDispatcher.dispatchEvent(BasicEventDispatcher.java:56) ~[javafx.base.jar:?]
	at com.sun.javafx.event.EventDispatchChainImpl.dispatchEvent(EventDispatchChainImpl.java:114) ~[javafx.base.jar:?]
	at com.sun.javafx.event.EventUtil.fireEventImpl(EventUtil.java:74) ~[javafx.base.jar:?]
	at com.sun.javafx.event.EventUtil.fireEvent(EventUtil.java:49) ~[javafx.base.jar:?]
	at javafx.event.Event.fireEvent(Event.java:198) ~[javafx.base.jar:?]
	at javafx.scene.Node.fireEvent(Node.java:8879) ~[javafx.graphics.jar:?]
	at javafx.scene.control.Button.fire(Button.java:200) ~[javafx.controls.jar:?]
	at com.sun.javafx.scene.control.behavior.ButtonBehavior.mouseReleased(ButtonBehavior.java:206) ~[javafx.controls.jar:?]
	at com.sun.javafx.scene.control.inputmap.InputMap.handle(InputMap.java:274) ~[javafx.controls.jar:?]
	at com.sun.javafx.event.CompositeEventHandler$NormalEventHandlerRecord.handleBubblingEvent(CompositeEventHandler.java:218) ~[javafx.base.jar:?]
	at com.sun.javafx.event.CompositeEventHandler.dispatchBubblingEvent(CompositeEventHandler.java:80) ~[javafx.base.jar:?]
	at com.sun.javafx.event.EventHandlerManager.dispatchBubblingEvent(EventHandlerManager.java:238) ~[javafx.base.jar:?]
	at com.sun.javafx.event.EventHandlerManager.dispatchBubblingEvent(EventHandlerManager.java:191) ~[javafx.base.jar:?]
	at com.sun.javafx.event.CompositeEventDispatcher.dispatchBubblingEvent(CompositeEventDispatcher.java:59) ~[javafx.base.jar:?]
	at com.sun.javafx.event.BasicEventDispatcher.dispatchEvent(BasicEventDispatcher.java:58) ~[javafx.base.jar:?]
	at com.sun.javafx.event.EventDispatchChainImpl.dispatchEvent(EventDispatchChainImpl.java:114) ~[javafx.base.jar:?]
	at com.sun.javafx.event.BasicEventDispatcher.dispatchEvent(BasicEventDispatcher.java:56) ~[javafx.base.jar:?]
	at com.sun.javafx.event.EventDispatchChainImpl.dispatchEvent(EventDispatchChainImpl.java:114) ~[javafx.base.jar:?]
	at com.sun.javafx.event.BasicEventDispatcher.dispatchEvent(BasicEventDispatcher.java:56) ~[javafx.base.jar:?]
	at com.sun.javafx.event.EventDispatchChainImpl.dispatchEvent(EventDispatchChainImpl.java:114) ~[javafx.base.jar:?]
	at com.sun.javafx.event.EventUtil.fireEventImpl(EventUtil.java:74) ~[javafx.base.jar:?]
	at com.sun.javafx.event.EventUtil.fireEvent(EventUtil.java:54) ~[javafx.base.jar:?]
	at javafx.event.Event.fireEvent(Event.java:198) ~[javafx.base.jar:?]
	at javafx.scene.Scene$MouseHandler.process(Scene.java:3851) ~[javafx.graphics.jar:?]
	at javafx.scene.Scene$MouseHandler.access$1200(Scene.java:3579) ~[javafx.graphics.jar:?]
	at javafx.scene.Scene.processMouseEvent(Scene.java:1849) ~[javafx.graphics.jar:?]
	at javafx.scene.Scene$ScenePeerListener.mouseEvent(Scene.java:2588) ~[javafx.graphics.jar:?]
	at com.sun.javafx.tk.quantum.GlassViewEventHandler$MouseEventNotification.run(GlassViewEventHandler.java:397) ~[javafx.graphics.jar:?]
	at com.sun.javafx.tk.quantum.GlassViewEventHandler$MouseEventNotification.run(GlassViewEventHandler.java:295) ~[javafx.graphics.jar:?]
	at java.security.AccessController.doPrivileged(AccessController.java:391) ~[?:?]
	at com.sun.javafx.tk.quantum.GlassViewEventHandler.lambda$handleMouseEvent$2(GlassViewEventHandler.java:434) ~[javafx.graphics.jar:?]
	at com.sun.javafx.tk.quantum.QuantumToolkit.runWithoutRenderLock(QuantumToolkit.java:390) ~[javafx.graphics.jar:?]
	at com.sun.javafx.tk.quantum.GlassViewEventHandler.handleMouseEvent(GlassViewEventHandler.java:433) ~[javafx.graphics.jar:?]
	at com.sun.glass.ui.View.handleMouseEvent(View.java:556) ~[javafx.graphics.jar:?]
	at com.sun.glass.ui.View.notifyMouse(View.java:942) ~[javafx.graphics.jar:?]
	at com.sun.glass.ui.win.WinApplication._runLoop(Native Method) ~[javafx.graphics.jar:?]
	at com.sun.glass.ui.win.WinApplication.lambda$runLoop$3(WinApplication.java:174) ~[javafx.graphics.jar:?]
	at java.lang.Thread.run(Thread.java:832) [?:?]
2020-12-15 03:48:40 [Thread-2] INFO  traulko.course.dao.connection.ConnectionPool - Connection pool has been filled
2020-12-15 03:49:39 [JavaFX Application Thread] ERROR course.controller.command.impl.SignUpCommand - Error while getting connection result
java.net.SocketException: Connection reset
	at sun.nio.ch.NioSocketImpl.implRead(NioSocketImpl.java:323) ~[?:?]
	at sun.nio.ch.NioSocketImpl.read(NioSocketImpl.java:350) ~[?:?]
	at sun.nio.ch.NioSocketImpl$1.read(NioSocketImpl.java:803) ~[?:?]
	at java.net.Socket$SocketInputStream.read(Socket.java:982) ~[?:?]
	at java.net.Socket$SocketInputStream.read(Socket.java:977) ~[?:?]
	at java.io.ObjectInputStream$PeekInputStream.peek(ObjectInputStream.java:2872) ~[?:?]
	at java.io.ObjectInputStream$BlockDataInputStream.peek(ObjectInputStream.java:3199) ~[?:?]
	at java.io.ObjectInputStream$BlockDataInputStream.peekByte(ObjectInputStream.java:3209) ~[?:?]
	at java.io.ObjectInputStream.readObject0(ObjectInputStream.java:1658) ~[?:?]
	at java.io.ObjectInputStream.readObject(ObjectInputStream.java:517) ~[?:?]
	at java.io.ObjectInputStream.readObject(ObjectInputStream.java:475) ~[?:?]
	at com.traulko.course.client.ClientConnection.getConnectionResult(ClientConnection.java:24) ~[classes/:?]
	at com.traulko.course.client.fxml.TransferFromCardToCardPage.lambda$initialize$1(TransferFromCardToCardPage.java:68) ~[classes/:?]
	at com.sun.javafx.event.CompositeEventHandler.dispatchBubblingEvent(CompositeEventHandler.java:86) ~[javafx.base.jar:?]
	at com.sun.javafx.event.EventHandlerManager.dispatchBubblingEvent(EventHandlerManager.java:238) ~[javafx.base.jar:?]
	at com.sun.javafx.event.EventHandlerManager.dispatchBubblingEvent(EventHandlerManager.java:191) ~[javafx.base.jar:?]
	at com.sun.javafx.event.CompositeEventDispatcher.dispatchBubblingEvent(CompositeEventDispatcher.java:59) ~[javafx.base.jar:?]
	at com.sun.javafx.event.BasicEventDispatcher.dispatchEvent(BasicEventDispatcher.java:58) ~[javafx.base.jar:?]
	at com.sun.javafx.event.EventDispatchChainImpl.dispatchEvent(EventDispatchChainImpl.java:114) ~[javafx.base.jar:?]
	at com.sun.javafx.event.BasicEventDispatcher.dispatchEvent(BasicEventDispatcher.java:56) ~[javafx.base.jar:?]
	at com.sun.javafx.event.EventDispatchChainImpl.dispatchEvent(EventDispatchChainImpl.java:114) ~[javafx.base.jar:?]
	at com.sun.javafx.event.BasicEventDispatcher.dispatchEvent(BasicEventDispatcher.java:56) ~[javafx.base.jar:?]
	at com.sun.javafx.event.EventDispatchChainImpl.dispatchEvent(EventDispatchChainImpl.java:114) ~[javafx.base.jar:?]
	at com.sun.javafx.event.EventUtil.fireEventImpl(EventUtil.java:74) ~[javafx.base.jar:?]
	at com.sun.javafx.event.EventUtil.fireEvent(EventUtil.java:49) ~[javafx.base.jar:?]
	at javafx.event.Event.fireEvent(Event.java:198) ~[javafx.base.jar:?]
	at javafx.scene.Node.fireEvent(Node.java:8879) ~[javafx.graphics.jar:?]
	at javafx.scene.control.Button.fire(Button.java:200) ~[javafx.controls.jar:?]
	at com.sun.javafx.scene.control.behavior.ButtonBehavior.mouseReleased(ButtonBehavior.java:206) ~[javafx.controls.jar:?]
	at com.sun.javafx.scene.control.inputmap.InputMap.handle(InputMap.java:274) ~[javafx.controls.jar:?]
	at com.sun.javafx.event.CompositeEventHandler$NormalEventHandlerRecord.handleBubblingEvent(CompositeEventHandler.java:218) ~[javafx.base.jar:?]
	at com.sun.javafx.event.CompositeEventHandler.dispatchBubblingEvent(CompositeEventHandler.java:80) ~[javafx.base.jar:?]
	at com.sun.javafx.event.EventHandlerManager.dispatchBubblingEvent(EventHandlerManager.java:238) ~[javafx.base.jar:?]
	at com.sun.javafx.event.EventHandlerManager.dispatchBubblingEvent(EventHandlerManager.java:191) ~[javafx.base.jar:?]
	at com.sun.javafx.event.CompositeEventDispatcher.dispatchBubblingEvent(CompositeEventDispatcher.java:59) ~[javafx.base.jar:?]
	at com.sun.javafx.event.BasicEventDispatcher.dispatchEvent(BasicEventDispatcher.java:58) ~[javafx.base.jar:?]
	at com.sun.javafx.event.EventDispatchChainImpl.dispatchEvent(EventDispatchChainImpl.java:114) ~[javafx.base.jar:?]
	at com.sun.javafx.event.BasicEventDispatcher.dispatchEvent(BasicEventDispatcher.java:56) ~[javafx.base.jar:?]
	at com.sun.javafx.event.EventDispatchChainImpl.dispatchEvent(EventDispatchChainImpl.java:114) ~[javafx.base.jar:?]
	at com.sun.javafx.event.BasicEventDispatcher.dispatchEvent(BasicEventDispatcher.java:56) ~[javafx.base.jar:?]
	at com.sun.javafx.event.EventDispatchChainImpl.dispatchEvent(EventDispatchChainImpl.java:114) ~[javafx.base.jar:?]
	at com.sun.javafx.event.EventUtil.fireEventImpl(EventUtil.java:74) ~[javafx.base.jar:?]
	at com.sun.javafx.event.EventUtil.fireEvent(EventUtil.java:54) ~[javafx.base.jar:?]
	at javafx.event.Event.fireEvent(Event.java:198) ~[javafx.base.jar:?]
	at javafx.scene.Scene$MouseHandler.process(Scene.java:3851) ~[javafx.graphics.jar:?]
	at javafx.scene.Scene$MouseHandler.access$1200(Scene.java:3579) ~[javafx.graphics.jar:?]
	at javafx.scene.Scene.processMouseEvent(Scene.java:1849) ~[javafx.graphics.jar:?]
	at javafx.scene.Scene$ScenePeerListener.mouseEvent(Scene.java:2588) ~[javafx.graphics.jar:?]
	at com.sun.javafx.tk.quantum.GlassViewEventHandler$MouseEventNotification.run(GlassViewEventHandler.java:397) ~[javafx.graphics.jar:?]
	at com.sun.javafx.tk.quantum.GlassViewEventHandler$MouseEventNotification.run(GlassViewEventHandler.java:295) ~[javafx.graphics.jar:?]
	at java.security.AccessController.doPrivileged(AccessController.java:391) ~[?:?]
	at com.sun.javafx.tk.quantum.GlassViewEventHandler.lambda$handleMouseEvent$2(GlassViewEventHandler.java:434) ~[javafx.graphics.jar:?]
	at com.sun.javafx.tk.quantum.QuantumToolkit.runWithoutRenderLock(QuantumToolkit.java:390) ~[javafx.graphics.jar:?]
	at com.sun.javafx.tk.quantum.GlassViewEventHandler.handleMouseEvent(GlassViewEventHandler.java:433) ~[javafx.graphics.jar:?]
	at com.sun.glass.ui.View.handleMouseEvent(View.java:556) ~[javafx.graphics.jar:?]
	at com.sun.glass.ui.View.notifyMouse(View.java:942) ~[javafx.graphics.jar:?]
	at com.sun.glass.ui.win.WinApplication._runLoop(Native Method) ~[javafx.graphics.jar:?]
	at com.sun.glass.ui.win.WinApplication.lambda$runLoop$3(WinApplication.java:174) ~[javafx.graphics.jar:?]
	at java.lang.Thread.run(Thread.java:832) [?:?]
2020-12-15 03:50:05 [Thread-2] INFO  traulko.course.dao.connection.ConnectionPool - Connection pool has been filled
2020-12-15 03:53:07 [Thread-2] INFO  traulko.course.dao.connection.ConnectionPool - Connection pool has been filled
2020-12-15 04:08:08 [Thread-2] INFO  traulko.course.dao.connection.ConnectionPool - Connection pool has been filled
2020-12-15 04:34:09 [Thread-2] INFO  traulko.course.dao.connection.ConnectionPool - Connection pool has been filled
2020-12-15 04:37:35 [Thread-2] INFO  traulko.course.dao.connection.ConnectionPool - Connection pool has been filled
2020-12-15 05:01:35 [Thread-2] INFO  traulko.course.dao.connection.ConnectionPool - Connection pool has been filled
2020-12-15 05:04:27 [Thread-2] INFO  traulko.course.dao.connection.ConnectionPool - Connection pool has been filled
2020-12-15 05:10:29 [Thread-2] INFO  traulko.course.dao.connection.ConnectionPool - Connection pool has been filled
