2020-12-14 21:24:53 [Thread-2] INFO  traulko.course.dao.connection.ConnectionPool - Connection pool has been filled
2020-12-14 21:59:51 [Thread-2] INFO  traulko.course.dao.connection.ConnectionPool - Connection pool has been filled
2020-12-14 22:08:12 [Thread-2] INFO  traulko.course.dao.connection.ConnectionPool - Connection pool has been filled
2020-12-14 22:22:32 [Thread-2] INFO  traulko.course.dao.connection.ConnectionPool - Connection pool has been filled
2020-12-14 22:24:06 [Thread-2] INFO  traulko.course.dao.connection.ConnectionPool - Connection pool has been filled
2020-12-14 22:24:07 [Thread-3] ERROR traulko.course.controller.command.CommandProvider - Incorrect command type find_all_transactions
java.lang.IllegalArgumentException: No enum constant com.traulko.course.controller.command.type.CommandType.FIND_ALL_TRANSACTIONS
	at java.lang.Enum.valueOf(Enum.java:273) ~[?:?]
	at com.traulko.course.controller.command.type.CommandType.valueOf(CommandType.java:12) ~[classes/:?]
	at com.traulko.course.controller.command.CommandProvider.defineCommand(CommandProvider.java:32) [classes/:?]
	at com.traulko.course.server.Worker.run(Worker.java:30) [classes/:?]
	at java.lang.Thread.run(Thread.java:832) [?:?]
2020-12-14 22:24:07 [JavaFX Application Thread] ERROR course.controller.command.impl.SignUpCommand - Error while getting connection result
java.io.EOFException: null
	at java.io.ObjectInputStream$BlockDataInputStream.peekByte(ObjectInputStream.java:3211) ~[?:?]
	at java.io.ObjectInputStream.readObject0(ObjectInputStream.java:1658) ~[?:?]
	at java.io.ObjectInputStream.readObject(ObjectInputStream.java:517) ~[?:?]
	at java.io.ObjectInputStream.readObject(ObjectInputStream.java:475) ~[?:?]
	at com.traulko.course.client.ClientConnection.getConnectionResult(ClientConnection.java:24) ~[classes/:?]
	at com.traulko.course.client.fxml.TransactionsPage.initialize(TransactionsPage.java:52) ~[classes/:?]
	at jdk.internal.reflect.NativeMethodAccessorImpl.invoke0(Native Method) ~[?:?]
	at jdk.internal.reflect.NativeMethodAccessorImpl.invoke(NativeMethodAccessorImpl.java:62) ~[?:?]
	at jdk.internal.reflect.DelegatingMethodAccessorImpl.invoke(DelegatingMethodAccessorImpl.java:43) ~[?:?]
	at java.lang.reflect.Method.invoke(Method.java:564) ~[?:?]
	at com.sun.javafx.reflect.Trampoline.invoke(MethodUtil.java:76) ~[javafx.base.jar:?]
	at jdk.internal.reflect.GeneratedMethodAccessor2.invoke(Unknown Source) ~[?:?]
	at jdk.internal.reflect.DelegatingMethodAccessorImpl.invoke(DelegatingMethodAccessorImpl.java:43) ~[?:?]
	at java.lang.reflect.Method.invoke(Method.java:564) ~[?:?]
	at com.sun.javafx.reflect.MethodUtil.invoke(MethodUtil.java:273) ~[javafx.base.jar:?]
	at com.sun.javafx.fxml.MethodHelper.invoke(MethodHelper.java:83) ~[javafx.fxml.jar:?]
	at javafx.fxml.FXMLLoader.loadImpl(FXMLLoader.java:2591) ~[javafx.fxml.jar:?]
	at javafx.fxml.FXMLLoader.loadImpl(FXMLLoader.java:2466) ~[javafx.fxml.jar:?]
	at javafx.fxml.FXMLLoader.load(FXMLLoader.java:2435) ~[javafx.fxml.jar:?]
	at com.traulko.course.client.fxml.util.PageManager.goToPage(PageManager.java:16) ~[classes/:?]
	at com.traulko.course.client.fxml.AdminHomePage.lambda$initialize$4(AdminHomePage.java:49) ~[classes/:?]
	at com.sun.javafx.event.CompositeEventHandler.dispatchBubblingEvent(CompositeEventHandler.java:86) ~[javafx.base.jar:?]
	at com.sun.javafx.event.EventHandlerManager.dispatchBubblingEvent(EventHandlerManager.java:238) ~[javafx.base.jar:?]
	at com.sun.javafx.event.EventHandlerManager.dispatchBubblingEvent(EventHandlerManager.java:191) ~[javafx.base.jar:?]
	at com.sun.javafx.event.CompositeEventDispatcher.dispatchBubblingEvent(CompositeEventDispatcher.java:59) ~[javafx.base.jar:?]
	at com.sun.javafx.event.BasicEventDispatcher.dispatchEvent(BasicEventDispatcher.java:58) ~[javafx.base.jar:?]
	at com.sun.javafx.event.EventDispatchChainImpl.dispatchEvent(EventDispatchChainImpl.java:114) ~[javafx.base.jar:?]
	at com.sun.javafx.event.BasicEventDispatcher.dispatchEvent(BasicEventDispatcher.java:56) ~[javafx.base.jar:?]
	at com.sun.javafx.event.EventDispatchChainImpl.dispatchEvent(EventDispatchChainImpl.java:114) ~[javafx.base.jar:?]
	at com.sun.javafx.event.BasicEventDispatcher.dispatchEvent(BasicEventDispatcher.java:56) ~[javafx.base.jar:?]
	at com.sun.javafx.event.EventDispatchChainImpl.dispatchEvent(EventDispatchChainImpl.java:114) ~[javafx.base.jar:?]
	at com.sun.javafx.event.EventUtil.fireEventImpl(EventUtil.java:74) ~[javafx.base.jar:?]
	at com.sun.javafx.event.EventUtil.fireEvent(EventUtil.java:49) ~[javafx.base.jar:?]
	at javafx.event.Event.fireEvent(Event.java:198) ~[javafx.base.jar:?]
	at javafx.scene.Node.fireEvent(Node.java:8879) ~[javafx.graphics.jar:?]
	at javafx.scene.control.Button.fire(Button.java:200) ~[javafx.controls.jar:?]
	at com.sun.javafx.scene.control.behavior.ButtonBehavior.mouseReleased(ButtonBehavior.java:206) ~[javafx.controls.jar:?]
	at com.sun.javafx.scene.control.inputmap.InputMap.handle(InputMap.java:274) ~[javafx.controls.jar:?]
	at com.sun.javafx.event.CompositeEventHandler$NormalEventHandlerRecord.handleBubblingEvent(CompositeEventHandler.java:218) ~[javafx.base.jar:?]
	at com.sun.javafx.event.CompositeEventHandler.dispatchBubblingEvent(CompositeEventHandler.java:80) ~[javafx.base.jar:?]
	at com.sun.javafx.event.EventHandlerManager.dispatchBubblingEvent(EventHandlerManager.java:238) ~[javafx.base.jar:?]
	at com.sun.javafx.event.EventHandlerManager.dispatchBubblingEvent(EventHandlerManager.java:191) ~[javafx.base.jar:?]
	at com.sun.javafx.event.CompositeEventDispatcher.dispatchBubblingEvent(CompositeEventDispatcher.java:59) ~[javafx.base.jar:?]
	at com.sun.javafx.event.BasicEventDispatcher.dispatchEvent(BasicEventDispatcher.java:58) ~[javafx.base.jar:?]
	at com.sun.javafx.event.EventDispatchChainImpl.dispatchEvent(EventDispatchChainImpl.java:114) ~[javafx.base.jar:?]
	at com.sun.javafx.event.BasicEventDispatcher.dispatchEvent(BasicEventDispatcher.java:56) ~[javafx.base.jar:?]
	at com.sun.javafx.event.EventDispatchChainImpl.dispatchEvent(EventDispatchChainImpl.java:114) ~[javafx.base.jar:?]
	at com.sun.javafx.event.BasicEventDispatcher.dispatchEvent(BasicEventDispatcher.java:56) ~[javafx.base.jar:?]
	at com.sun.javafx.event.EventDispatchChainImpl.dispatchEvent(EventDispatchChainImpl.java:114) ~[javafx.base.jar:?]
	at com.sun.javafx.event.EventUtil.fireEventImpl(EventUtil.java:74) ~[javafx.base.jar:?]
	at com.sun.javafx.event.EventUtil.fireEvent(EventUtil.java:54) ~[javafx.base.jar:?]
	at javafx.event.Event.fireEvent(Event.java:198) ~[javafx.base.jar:?]
	at javafx.scene.Scene$MouseHandler.process(Scene.java:3851) ~[javafx.graphics.jar:?]
	at javafx.scene.Scene$MouseHandler.access$1200(Scene.java:3579) ~[javafx.graphics.jar:?]
	at javafx.scene.Scene.processMouseEvent(Scene.java:1849) ~[javafx.graphics.jar:?]
	at javafx.scene.Scene$ScenePeerListener.mouseEvent(Scene.java:2588) ~[javafx.graphics.jar:?]
	at com.sun.javafx.tk.quantum.GlassViewEventHandler$MouseEventNotification.run(GlassViewEventHandler.java:397) ~[javafx.graphics.jar:?]
	at com.sun.javafx.tk.quantum.GlassViewEventHandler$MouseEventNotification.run(GlassViewEventHandler.java:295) ~[javafx.graphics.jar:?]
	at java.security.AccessController.doPrivileged(AccessController.java:391) ~[?:?]
	at com.sun.javafx.tk.quantum.GlassViewEventHandler.lambda$handleMouseEvent$2(GlassViewEventHandler.java:434) ~[javafx.graphics.jar:?]
	at com.sun.javafx.tk.quantum.QuantumToolkit.runWithoutRenderLock(QuantumToolkit.java:390) ~[javafx.graphics.jar:?]
	at com.sun.javafx.tk.quantum.GlassViewEventHandler.handleMouseEvent(GlassViewEventHandler.java:433) ~[javafx.graphics.jar:?]
	at com.sun.glass.ui.View.handleMouseEvent(View.java:556) ~[javafx.graphics.jar:?]
	at com.sun.glass.ui.View.notifyMouse(View.java:942) ~[javafx.graphics.jar:?]
	at com.sun.glass.ui.win.WinApplication._runLoop(Native Method) ~[javafx.graphics.jar:?]
	at com.sun.glass.ui.win.WinApplication.lambda$runLoop$3(WinApplication.java:174) ~[javafx.graphics.jar:?]
	at java.lang.Thread.run(Thread.java:832) [?:?]
2020-12-14 22:25:06 [Thread-2] INFO  traulko.course.dao.connection.ConnectionPool - Connection pool has been filled
2020-12-14 22:28:15 [Thread-2] INFO  traulko.course.dao.connection.ConnectionPool - Connection pool has been filled
2020-12-14 22:32:35 [Thread-2] INFO  traulko.course.dao.connection.ConnectionPool - Connection pool has been filled
2020-12-14 22:33:49 [Thread-2] INFO  traulko.course.dao.connection.ConnectionPool - Connection pool has been filled
2020-12-14 22:34:53 [Thread-2] INFO  traulko.course.dao.connection.ConnectionPool - Connection pool has been filled
2020-12-14 22:39:11 [Thread-2] INFO  traulko.course.dao.connection.ConnectionPool - Connection pool has been filled
2020-12-14 23:43:59 [Thread-2] INFO  traulko.course.dao.connection.ConnectionPool - Connection pool has been filled
2020-12-14 23:46:45 [Thread-2] INFO  traulko.course.dao.connection.ConnectionPool - Connection pool has been filled
2020-12-14 23:48:12 [Thread-2] INFO  traulko.course.dao.connection.ConnectionPool - Connection pool has been filled
2020-12-14 23:49:16 [Thread-2] INFO  traulko.course.dao.connection.ConnectionPool - Connection pool has been filled
2020-12-14 23:55:26 [Thread-3] INFO  traulko.course.dao.connection.ConnectionPool - Connection pool has been filled
2020-12-14 23:56:26 [Thread-2] INFO  traulko.course.dao.connection.ConnectionPool - Connection pool has been filled
2020-12-14 23:58:21 [Thread-7] ERROR course.controller.command.impl.BlockAccountCommand - Error while closing account
com.traulko.course.exception.ServiceException: Error while closing account
	at com.traulko.course.service.impl.AccountServiceImpl.closeAccount(AccountServiceImpl.java:122) ~[classes/:?]
	at com.traulko.course.controller.command.impl.CloseAccountCommand.execute(CloseAccountCommand.java:22) [classes/:?]
	at com.traulko.course.server.Worker.run(Worker.java:32) [classes/:?]
	at java.lang.Thread.run(Thread.java:832) [?:?]
Caused by: com.traulko.course.exception.DaoException: Closing account error
	at com.traulko.course.dao.impl.AccountDaoImpl.close(AccountDaoImpl.java:110) ~[classes/:?]
	at com.traulko.course.service.impl.AccountServiceImpl.closeAccount(AccountServiceImpl.java:120) ~[classes/:?]
	... 3 more
Caused by: java.sql.SQLException: Data truncated for column 'account_status' at row 1
	at com.mysql.jdbc.SQLError.createSQLException(SQLError.java:965) ~[mysql-connector-java-5.1.48.jar:5.1.48]
	at com.mysql.jdbc.MysqlIO.checkErrorPacket(MysqlIO.java:3933) ~[mysql-connector-java-5.1.48.jar:5.1.48]
	at com.mysql.jdbc.MysqlIO.checkErrorPacket(MysqlIO.java:3869) ~[mysql-connector-java-5.1.48.jar:5.1.48]
	at com.mysql.jdbc.MysqlIO.sendCommand(MysqlIO.java:2524) ~[mysql-connector-java-5.1.48.jar:5.1.48]
	at com.mysql.jdbc.MysqlIO.sqlQueryDirect(MysqlIO.java:2675) ~[mysql-connector-java-5.1.48.jar:5.1.48]
	at com.mysql.jdbc.ConnectionImpl.execSQL(ConnectionImpl.java:2465) ~[mysql-connector-java-5.1.48.jar:5.1.48]
	at com.mysql.jdbc.PreparedStatement.executeInternal(PreparedStatement.java:1912) ~[mysql-connector-java-5.1.48.jar:5.1.48]
	at com.mysql.jdbc.PreparedStatement.executeUpdateInternal(PreparedStatement.java:2133) ~[mysql-connector-java-5.1.48.jar:5.1.48]
	at com.mysql.jdbc.PreparedStatement.executeUpdateInternal(PreparedStatement.java:2067) ~[mysql-connector-java-5.1.48.jar:5.1.48]
	at com.mysql.jdbc.PreparedStatement.executeLargeUpdate(PreparedStatement.java:5175) ~[mysql-connector-java-5.1.48.jar:5.1.48]
	at com.mysql.jdbc.PreparedStatement.executeUpdate(PreparedStatement.java:2052) ~[mysql-connector-java-5.1.48.jar:5.1.48]
	at com.traulko.course.dao.impl.AccountDaoImpl.close(AccountDaoImpl.java:108) ~[classes/:?]
	at com.traulko.course.service.impl.AccountServiceImpl.closeAccount(AccountServiceImpl.java:120) ~[classes/:?]
	... 3 more
2020-12-14 23:59:09 [Thread-2] INFO  traulko.course.dao.connection.ConnectionPool - Connection pool has been filled
2020-12-15 00:01:31 [Thread-6] ERROR course.controller.command.impl.BlockAccountCommand - Error while closing account
com.traulko.course.exception.ServiceException: Error while closing account
	at com.traulko.course.service.impl.AccountServiceImpl.closeAccount(AccountServiceImpl.java:122) ~[classes/:?]
	at com.traulko.course.controller.command.impl.CloseAccountCommand.execute(CloseAccountCommand.java:22) [classes/:?]
	at com.traulko.course.server.Worker.run(Worker.java:32) [classes/:?]
	at java.lang.Thread.run(Thread.java:832) [?:?]
Caused by: com.traulko.course.exception.DaoException: Closing account error
	at com.traulko.course.dao.impl.AccountDaoImpl.close(AccountDaoImpl.java:110) ~[classes/:?]
	at com.traulko.course.service.impl.AccountServiceImpl.closeAccount(AccountServiceImpl.java:120) ~[classes/:?]
	... 3 more
Caused by: java.sql.SQLException: Data truncated for column 'account_status' at row 1
	at com.mysql.jdbc.SQLError.createSQLException(SQLError.java:965) ~[mysql-connector-java-5.1.48.jar:5.1.48]
	at com.mysql.jdbc.MysqlIO.checkErrorPacket(MysqlIO.java:3933) ~[mysql-connector-java-5.1.48.jar:5.1.48]
	at com.mysql.jdbc.MysqlIO.checkErrorPacket(MysqlIO.java:3869) ~[mysql-connector-java-5.1.48.jar:5.1.48]
	at com.mysql.jdbc.MysqlIO.sendCommand(MysqlIO.java:2524) ~[mysql-connector-java-5.1.48.jar:5.1.48]
	at com.mysql.jdbc.MysqlIO.sqlQueryDirect(MysqlIO.java:2675) ~[mysql-connector-java-5.1.48.jar:5.1.48]
	at com.mysql.jdbc.ConnectionImpl.execSQL(ConnectionImpl.java:2465) ~[mysql-connector-java-5.1.48.jar:5.1.48]
	at com.mysql.jdbc.PreparedStatement.executeInternal(PreparedStatement.java:1912) ~[mysql-connector-java-5.1.48.jar:5.1.48]
	at com.mysql.jdbc.PreparedStatement.executeUpdateInternal(PreparedStatement.java:2133) ~[mysql-connector-java-5.1.48.jar:5.1.48]
	at com.mysql.jdbc.PreparedStatement.executeUpdateInternal(PreparedStatement.java:2067) ~[mysql-connector-java-5.1.48.jar:5.1.48]
	at com.mysql.jdbc.PreparedStatement.executeLargeUpdate(PreparedStatement.java:5175) ~[mysql-connector-java-5.1.48.jar:5.1.48]
	at com.mysql.jdbc.PreparedStatement.executeUpdate(PreparedStatement.java:2052) ~[mysql-connector-java-5.1.48.jar:5.1.48]
	at com.traulko.course.dao.impl.AccountDaoImpl.close(AccountDaoImpl.java:108) ~[classes/:?]
	at com.traulko.course.service.impl.AccountServiceImpl.closeAccount(AccountServiceImpl.java:120) ~[classes/:?]
	... 3 more
2020-12-15 00:02:10 [Thread-3] INFO  traulko.course.dao.connection.ConnectionPool - Connection pool has been filled
2020-12-15 00:55:54 [Thread-2] INFO  traulko.course.dao.connection.ConnectionPool - Connection pool has been filled
2020-12-15 01:36:23 [Thread-2] INFO  traulko.course.dao.connection.ConnectionPool - Connection pool has been filled
2020-12-15 01:36:43 [JavaFX Application Thread] ERROR course.controller.command.impl.SignUpCommand - Error while getting connection result
java.io.NotSerializableException: javafx.scene.control.TextField
	at java.io.ObjectOutputStream.writeObject0(ObjectOutputStream.java:1193) ~[?:?]
	at java.io.ObjectOutputStream.writeObject(ObjectOutputStream.java:353) ~[?:?]
	at java.util.HashMap.internalWriteEntries(HashMap.java:1931) ~[?:?]
	at java.util.HashMap.writeObject(HashMap.java:1501) ~[?:?]
	at jdk.internal.reflect.NativeMethodAccessorImpl.invoke0(Native Method) ~[?:?]
	at jdk.internal.reflect.NativeMethodAccessorImpl.invoke(NativeMethodAccessorImpl.java:62) ~[?:?]
	at jdk.internal.reflect.DelegatingMethodAccessorImpl.invoke(DelegatingMethodAccessorImpl.java:43) ~[?:?]
	at java.lang.reflect.Method.invoke(Method.java:564) ~[?:?]
	at java.io.ObjectStreamClass.invokeWriteObject(ObjectStreamClass.java:1186) ~[?:?]
	at java.io.ObjectOutputStream.writeSerialData(ObjectOutputStream.java:1523) ~[?:?]
	at java.io.ObjectOutputStream.writeOrdinaryObject(ObjectOutputStream.java:1444) ~[?:?]
	at java.io.ObjectOutputStream.writeObject0(ObjectOutputStream.java:1187) ~[?:?]
	at java.io.ObjectOutputStream.defaultWriteFields(ObjectOutputStream.java:1579) ~[?:?]
	at java.io.ObjectOutputStream.writeSerialData(ObjectOutputStream.java:1536) ~[?:?]
	at java.io.ObjectOutputStream.writeOrdinaryObject(ObjectOutputStream.java:1444) ~[?:?]
	at java.io.ObjectOutputStream.writeObject0(ObjectOutputStream.java:1187) ~[?:?]
	at java.io.ObjectOutputStream.writeObject(ObjectOutputStream.java:353) ~[?:?]
	at com.traulko.course.client.ClientConnection.getConnectionResult(ClientConnection.java:23) ~[classes/:?]
	at com.traulko.course.client.fxml.AccountPage.lambda$initialize$1(AccountPage.java:129) ~[classes/:?]
	at com.sun.javafx.event.CompositeEventHandler.dispatchBubblingEvent(CompositeEventHandler.java:86) ~[javafx.base.jar:?]
	at com.sun.javafx.event.EventHandlerManager.dispatchBubblingEvent(EventHandlerManager.java:238) ~[javafx.base.jar:?]
	at com.sun.javafx.event.EventHandlerManager.dispatchBubblingEvent(EventHandlerManager.java:191) ~[javafx.base.jar:?]
	at com.sun.javafx.event.CompositeEventDispatcher.dispatchBubblingEvent(CompositeEventDispatcher.java:59) ~[javafx.base.jar:?]
	at com.sun.javafx.event.BasicEventDispatcher.dispatchEvent(BasicEventDispatcher.java:58) ~[javafx.base.jar:?]
	at com.sun.javafx.event.EventDispatchChainImpl.dispatchEvent(EventDispatchChainImpl.java:114) ~[javafx.base.jar:?]
	at com.sun.javafx.event.BasicEventDispatcher.dispatchEvent(BasicEventDispatcher.java:56) ~[javafx.base.jar:?]
	at com.sun.javafx.event.EventDispatchChainImpl.dispatchEvent(EventDispatchChainImpl.java:114) ~[javafx.base.jar:?]
	at com.sun.javafx.event.BasicEventDispatcher.dispatchEvent(BasicEventDispatcher.java:56) ~[javafx.base.jar:?]
	at com.sun.javafx.event.EventDispatchChainImpl.dispatchEvent(EventDispatchChainImpl.java:114) ~[javafx.base.jar:?]
	at com.sun.javafx.event.EventUtil.fireEventImpl(EventUtil.java:74) ~[javafx.base.jar:?]
	at com.sun.javafx.event.EventUtil.fireEvent(EventUtil.java:49) ~[javafx.base.jar:?]
	at javafx.event.Event.fireEvent(Event.java:198) ~[javafx.base.jar:?]
	at javafx.scene.Node.fireEvent(Node.java:8879) ~[javafx.graphics.jar:?]
	at javafx.scene.control.Button.fire(Button.java:200) ~[javafx.controls.jar:?]
	at com.sun.javafx.scene.control.behavior.ButtonBehavior.mouseReleased(ButtonBehavior.java:206) ~[javafx.controls.jar:?]
	at com.sun.javafx.scene.control.inputmap.InputMap.handle(InputMap.java:274) ~[javafx.controls.jar:?]
	at com.sun.javafx.event.CompositeEventHandler$NormalEventHandlerRecord.handleBubblingEvent(CompositeEventHandler.java:218) ~[javafx.base.jar:?]
	at com.sun.javafx.event.CompositeEventHandler.dispatchBubblingEvent(CompositeEventHandler.java:80) ~[javafx.base.jar:?]
	at com.sun.javafx.event.EventHandlerManager.dispatchBubblingEvent(EventHandlerManager.java:238) ~[javafx.base.jar:?]
	at com.sun.javafx.event.EventHandlerManager.dispatchBubblingEvent(EventHandlerManager.java:191) ~[javafx.base.jar:?]
	at com.sun.javafx.event.CompositeEventDispatcher.dispatchBubblingEvent(CompositeEventDispatcher.java:59) ~[javafx.base.jar:?]
	at com.sun.javafx.event.BasicEventDispatcher.dispatchEvent(BasicEventDispatcher.java:58) ~[javafx.base.jar:?]
	at com.sun.javafx.event.EventDispatchChainImpl.dispatchEvent(EventDispatchChainImpl.java:114) ~[javafx.base.jar:?]
	at com.sun.javafx.event.BasicEventDispatcher.dispatchEvent(BasicEventDispatcher.java:56) ~[javafx.base.jar:?]
	at com.sun.javafx.event.EventDispatchChainImpl.dispatchEvent(EventDispatchChainImpl.java:114) ~[javafx.base.jar:?]
	at com.sun.javafx.event.BasicEventDispatcher.dispatchEvent(BasicEventDispatcher.java:56) ~[javafx.base.jar:?]
	at com.sun.javafx.event.EventDispatchChainImpl.dispatchEvent(EventDispatchChainImpl.java:114) ~[javafx.base.jar:?]
	at com.sun.javafx.event.EventUtil.fireEventImpl(EventUtil.java:74) ~[javafx.base.jar:?]
	at com.sun.javafx.event.EventUtil.fireEvent(EventUtil.java:54) ~[javafx.base.jar:?]
	at javafx.event.Event.fireEvent(Event.java:198) ~[javafx.base.jar:?]
	at javafx.scene.Scene$MouseHandler.process(Scene.java:3851) ~[javafx.graphics.jar:?]
	at javafx.scene.Scene$MouseHandler.access$1200(Scene.java:3579) ~[javafx.graphics.jar:?]
	at javafx.scene.Scene.processMouseEvent(Scene.java:1849) ~[javafx.graphics.jar:?]
	at javafx.scene.Scene$ScenePeerListener.mouseEvent(Scene.java:2588) ~[javafx.graphics.jar:?]
	at com.sun.javafx.tk.quantum.GlassViewEventHandler$MouseEventNotification.run(GlassViewEventHandler.java:397) ~[javafx.graphics.jar:?]
	at com.sun.javafx.tk.quantum.GlassViewEventHandler$MouseEventNotification.run(GlassViewEventHandler.java:295) ~[javafx.graphics.jar:?]
	at java.security.AccessController.doPrivileged(AccessController.java:391) ~[?:?]
	at com.sun.javafx.tk.quantum.GlassViewEventHandler.lambda$handleMouseEvent$2(GlassViewEventHandler.java:434) ~[javafx.graphics.jar:?]
	at com.sun.javafx.tk.quantum.QuantumToolkit.runWithoutRenderLock(QuantumToolkit.java:390) ~[javafx.graphics.jar:?]
	at com.sun.javafx.tk.quantum.GlassViewEventHandler.handleMouseEvent(GlassViewEventHandler.java:433) ~[javafx.graphics.jar:?]
	at com.sun.glass.ui.View.handleMouseEvent(View.java:556) ~[javafx.graphics.jar:?]
	at com.sun.glass.ui.View.notifyMouse(View.java:942) ~[javafx.graphics.jar:?]
	at com.sun.glass.ui.win.WinApplication._runLoop(Native Method) ~[javafx.graphics.jar:?]
	at com.sun.glass.ui.win.WinApplication.lambda$runLoop$3(WinApplication.java:174) ~[javafx.graphics.jar:?]
	at java.lang.Thread.run(Thread.java:832) [?:?]
2020-12-15 01:36:43 [Thread-12] ERROR com.traulko.course.server.Worker - Error while running worker
java.io.WriteAbortedException: writing aborted; java.io.NotSerializableException: javafx.scene.control.TextField
	at java.io.ObjectInputStream.readObject0(ObjectInputStream.java:1714) ~[?:?]
	at java.io.ObjectInputStream.readObject(ObjectInputStream.java:517) ~[?:?]
	at java.io.ObjectInputStream.readObject(ObjectInputStream.java:475) ~[?:?]
	at java.util.HashMap.readObject(HashMap.java:1551) ~[?:?]
	at jdk.internal.reflect.NativeMethodAccessorImpl.invoke0(Native Method) ~[?:?]
	at jdk.internal.reflect.NativeMethodAccessorImpl.invoke(NativeMethodAccessorImpl.java:62) ~[?:?]
	at jdk.internal.reflect.DelegatingMethodAccessorImpl.invoke(DelegatingMethodAccessorImpl.java:43) ~[?:?]
	at java.lang.reflect.Method.invoke(Method.java:564) ~[?:?]
	at java.io.ObjectStreamClass.invokeReadObject(ObjectStreamClass.java:1216) ~[?:?]
	at java.io.ObjectInputStream.readSerialData(ObjectInputStream.java:2381) ~[?:?]
	at java.io.ObjectInputStream.readOrdinaryObject(ObjectInputStream.java:2215) ~[?:?]
	at java.io.ObjectInputStream.readObject0(ObjectInputStream.java:1707) ~[?:?]
	at java.io.ObjectInputStream.defaultReadFields(ObjectInputStream.java:2520) ~[?:?]
	at java.io.ObjectInputStream.readSerialData(ObjectInputStream.java:2414) ~[?:?]
	at java.io.ObjectInputStream.readOrdinaryObject(ObjectInputStream.java:2215) ~[?:?]
	at java.io.ObjectInputStream.readObject0(ObjectInputStream.java:1707) ~[?:?]
	at java.io.ObjectInputStream.readObject(ObjectInputStream.java:517) ~[?:?]
	at java.io.ObjectInputStream.readObject(ObjectInputStream.java:475) ~[?:?]
	at com.traulko.course.server.Worker.run(Worker.java:28) [classes/:?]
	at java.lang.Thread.run(Thread.java:832) [?:?]
Caused by: java.io.NotSerializableException: javafx.scene.control.TextField
	at java.io.ObjectOutputStream.writeObject0(ObjectOutputStream.java:1193) ~[?:?]
	at java.io.ObjectOutputStream.writeObject(ObjectOutputStream.java:353) ~[?:?]
	at java.util.HashMap.internalWriteEntries(HashMap.java:1931) ~[?:?]
	at java.util.HashMap.writeObject(HashMap.java:1501) ~[?:?]
	at jdk.internal.reflect.NativeMethodAccessorImpl.invoke0(Native Method) ~[?:?]
	at jdk.internal.reflect.NativeMethodAccessorImpl.invoke(NativeMethodAccessorImpl.java:62) ~[?:?]
	at jdk.internal.reflect.DelegatingMethodAccessorImpl.invoke(DelegatingMethodAccessorImpl.java:43) ~[?:?]
	at java.lang.reflect.Method.invoke(Method.java:564) ~[?:?]
	at java.io.ObjectStreamClass.invokeWriteObject(ObjectStreamClass.java:1186) ~[?:?]
	at java.io.ObjectOutputStream.writeSerialData(ObjectOutputStream.java:1523) ~[?:?]
	at java.io.ObjectOutputStream.writeOrdinaryObject(ObjectOutputStream.java:1444) ~[?:?]
	at java.io.ObjectOutputStream.writeObject0(ObjectOutputStream.java:1187) ~[?:?]
	at java.io.ObjectOutputStream.defaultWriteFields(ObjectOutputStream.java:1579) ~[?:?]
	at java.io.ObjectOutputStream.writeSerialData(ObjectOutputStream.java:1536) ~[?:?]
	at java.io.ObjectOutputStream.writeOrdinaryObject(ObjectOutputStream.java:1444) ~[?:?]
	at java.io.ObjectOutputStream.writeObject0(ObjectOutputStream.java:1187) ~[?:?]
	at java.io.ObjectOutputStream.writeObject(ObjectOutputStream.java:353) ~[?:?]
	at com.traulko.course.client.ClientConnection.getConnectionResult(ClientConnection.java:23) ~[classes/:?]
	at com.traulko.course.client.fxml.AccountPage.lambda$initialize$1(AccountPage.java:129) ~[classes/:?]
	at com.sun.javafx.event.CompositeEventHandler.dispatchBubblingEvent(CompositeEventHandler.java:86) ~[javafx-base-11.0.1-win.jar:?]
	at com.sun.javafx.event.EventHandlerManager.dispatchBubblingEvent(EventHandlerManager.java:238) ~[javafx-base-11.0.1-win.jar:?]
	at com.sun.javafx.event.EventHandlerManager.dispatchBubblingEvent(EventHandlerManager.java:191) ~[javafx-base-11.0.1-win.jar:?]
	at com.sun.javafx.event.CompositeEventDispatcher.dispatchBubblingEvent(CompositeEventDispatcher.java:59) ~[javafx-base-11.0.1-win.jar:?]
	at com.sun.javafx.event.BasicEventDispatcher.dispatchEvent(BasicEventDispatcher.java:58) ~[javafx-base-11.0.1-win.jar:?]
	at com.sun.javafx.event.EventDispatchChainImpl.dispatchEvent(EventDispatchChainImpl.java:114) ~[javafx-base-11.0.1-win.jar:?]
	at com.sun.javafx.event.BasicEventDispatcher.dispatchEvent(BasicEventDispatcher.java:56) ~[javafx-base-11.0.1-win.jar:?]
	at com.sun.javafx.event.EventDispatchChainImpl.dispatchEvent(EventDispatchChainImpl.java:114) ~[javafx-base-11.0.1-win.jar:?]
	at com.sun.javafx.event.BasicEventDispatcher.dispatchEvent(BasicEventDispatcher.java:56) ~[javafx-base-11.0.1-win.jar:?]
	at com.sun.javafx.event.EventDispatchChainImpl.dispatchEvent(EventDispatchChainImpl.java:114) ~[javafx-base-11.0.1-win.jar:?]
	at com.sun.javafx.event.EventUtil.fireEventImpl(EventUtil.java:74) ~[javafx-base-11.0.1-win.jar:?]
	at com.sun.javafx.event.EventUtil.fireEvent(EventUtil.java:49) ~[javafx-base-11.0.1-win.jar:?]
	at javafx.event.Event.fireEvent(Event.java:198) ~[javafx-base-11.0.1-win.jar:?]
	at javafx.scene.Node.fireEvent(Node.java:8879) ~[javafx-graphics-11.0.1-win.jar:?]
	at javafx.scene.control.Button.fire(Button.java:200) ~[javafx-controls-11.0.1-win.jar:?]
	at com.sun.javafx.scene.control.behavior.ButtonBehavior.mouseReleased(ButtonBehavior.java:206) ~[javafx-controls-11.0.1-win.jar:?]
	at com.sun.javafx.scene.control.inputmap.InputMap.handle(InputMap.java:274) ~[javafx-controls-11.0.1-win.jar:?]
	at com.sun.javafx.event.CompositeEventHandler$NormalEventHandlerRecord.handleBubblingEvent(CompositeEventHandler.java:218) ~[javafx-base-11.0.1-win.jar:?]
	at com.sun.javafx.event.CompositeEventHandler.dispatchBubblingEvent(CompositeEventHandler.java:80) ~[javafx-base-11.0.1-win.jar:?]
	at com.sun.javafx.event.EventHandlerManager.dispatchBubblingEvent(EventHandlerManager.java:238) ~[javafx-base-11.0.1-win.jar:?]
	at com.sun.javafx.event.EventHandlerManager.dispatchBubblingEvent(EventHandlerManager.java:191) ~[javafx-base-11.0.1-win.jar:?]
	at com.sun.javafx.event.CompositeEventDispatcher.dispatchBubblingEvent(CompositeEventDispatcher.java:59) ~[javafx-base-11.0.1-win.jar:?]
	at com.sun.javafx.event.BasicEventDispatcher.dispatchEvent(BasicEventDispatcher.java:58) ~[javafx-base-11.0.1-win.jar:?]
	at com.sun.javafx.event.EventDispatchChainImpl.dispatchEvent(EventDispatchChainImpl.java:114) ~[javafx-base-11.0.1-win.jar:?]
	at com.sun.javafx.event.BasicEventDispatcher.dispatchEvent(BasicEventDispatcher.java:56) ~[javafx-base-11.0.1-win.jar:?]
	at com.sun.javafx.event.EventDispatchChainImpl.dispatchEvent(EventDispatchChainImpl.java:114) ~[javafx-base-11.0.1-win.jar:?]
	at com.sun.javafx.event.BasicEventDispatcher.dispatchEvent(BasicEventDispatcher.java:56) ~[javafx-base-11.0.1-win.jar:?]
	at com.sun.javafx.event.EventDispatchChainImpl.dispatchEvent(EventDispatchChainImpl.java:114) ~[javafx-base-11.0.1-win.jar:?]
	at com.sun.javafx.event.EventUtil.fireEventImpl(EventUtil.java:74) ~[javafx-base-11.0.1-win.jar:?]
	at com.sun.javafx.event.EventUtil.fireEvent(EventUtil.java:54) ~[javafx-base-11.0.1-win.jar:?]
	at javafx.event.Event.fireEvent(Event.java:198) ~[javafx-base-11.0.1-win.jar:?]
	at javafx.scene.Scene$MouseHandler.process(Scene.java:3851) ~[javafx-graphics-11.0.1-win.jar:?]
	at javafx.scene.Scene$MouseHandler.access$1200(Scene.java:3579) ~[javafx-graphics-11.0.1-win.jar:?]
	at javafx.scene.Scene.processMouseEvent(Scene.java:1849) ~[javafx-graphics-11.0.1-win.jar:?]
	at javafx.scene.Scene$ScenePeerListener.mouseEvent(Scene.java:2588) ~[javafx-graphics-11.0.1-win.jar:?]
	at com.sun.javafx.tk.quantum.GlassViewEventHandler$MouseEventNotification.run(GlassViewEventHandler.java:397) ~[javafx-graphics-11.0.1-win.jar:?]
	at com.sun.javafx.tk.quantum.GlassViewEventHandler$MouseEventNotification.run(GlassViewEventHandler.java:295) ~[javafx-graphics-11.0.1-win.jar:?]
	at java.security.AccessController.doPrivileged(AccessController.java:391) ~[?:?]
	at com.sun.javafx.tk.quantum.GlassViewEventHandler.lambda$handleMouseEvent$2(GlassViewEventHandler.java:434) ~[javafx-graphics-11.0.1-win.jar:?]
	at com.sun.javafx.tk.quantum.QuantumToolkit.runWithoutRenderLock(QuantumToolkit.java:390) ~[javafx-graphics-11.0.1-win.jar:?]
	at com.sun.javafx.tk.quantum.GlassViewEventHandler.handleMouseEvent(GlassViewEventHandler.java:433) ~[javafx-graphics-11.0.1-win.jar:?]
	at com.sun.glass.ui.View.handleMouseEvent(View.java:556) ~[javafx-graphics-11.0.1-win.jar:?]
	at com.sun.glass.ui.View.notifyMouse(View.java:942) ~[javafx-graphics-11.0.1-win.jar:?]
	at com.sun.glass.ui.win.WinApplication._runLoop(Native Method) ~[javafx-graphics-11.0.1-win.jar:?]
	at com.sun.glass.ui.win.WinApplication.lambda$runLoop$3(WinApplication.java:174) ~[javafx-graphics-11.0.1-win.jar:?]
	... 1 more
