2020-12-04 03:22:13 [Thread-2] INFO  traulko.course.dao.connection.ConnectionPool - Connection pool has been filled
2020-12-04 03:55:43 [Thread-2] INFO  traulko.course.dao.connection.ConnectionPool - Connection pool has been filled
2020-12-04 03:55:49 [Thread-4] ERROR course.controller.command.impl.BlockUserCommand - Error while blocking user
com.traulko.course.exception.ServiceException: Error while blocking user
	at com.traulko.course.service.impl.UserServiceImpl.blockUser(UserServiceImpl.java:59) ~[classes/:?]
	at com.traulko.course.controller.command.impl.BlockUserCommand.execute(BlockUserCommand.java:22) [classes/:?]
	at com.traulko.course.server.Worker.run(Worker.java:32) [classes/:?]
	at java.lang.Thread.run(Thread.java:832) [?:?]
Caused by: com.traulko.course.exception.DaoException: Blocking user error
	at com.traulko.course.dao.impl.UserDaoImpl.block(UserDaoImpl.java:105) ~[classes/:?]
	at com.traulko.course.service.impl.UserServiceImpl.blockUser(UserServiceImpl.java:56) ~[classes/:?]
	... 3 more
Caused by: com.mysql.jdbc.exceptions.jdbc4.MySQLSyntaxErrorException: Unknown column 'email' in 'where clause'
	at jdk.internal.reflect.NativeConstructorAccessorImpl.newInstance0(Native Method) ~[?:?]
	at jdk.internal.reflect.NativeConstructorAccessorImpl.newInstance(NativeConstructorAccessorImpl.java:62) ~[?:?]
	at jdk.internal.reflect.DelegatingConstructorAccessorImpl.newInstance(DelegatingConstructorAccessorImpl.java:45) ~[?:?]
	at java.lang.reflect.Constructor.newInstanceWithCaller(Constructor.java:500) ~[?:?]
	at java.lang.reflect.Constructor.newInstance(Constructor.java:481) ~[?:?]
	at com.mysql.jdbc.Util.handleNewInstance(Util.java:425) ~[mysql-connector-java-5.1.48.jar:5.1.48]
	at com.mysql.jdbc.Util.getInstance(Util.java:408) ~[mysql-connector-java-5.1.48.jar:5.1.48]
	at com.mysql.jdbc.SQLError.createSQLException(SQLError.java:944) ~[mysql-connector-java-5.1.48.jar:5.1.48]
	at com.mysql.jdbc.MysqlIO.checkErrorPacket(MysqlIO.java:3933) ~[mysql-connector-java-5.1.48.jar:5.1.48]
	at com.mysql.jdbc.MysqlIO.checkErrorPacket(MysqlIO.java:3869) ~[mysql-connector-java-5.1.48.jar:5.1.48]
	at com.mysql.jdbc.MysqlIO.sendCommand(MysqlIO.java:2524) ~[mysql-connector-java-5.1.48.jar:5.1.48]
	at com.mysql.jdbc.MysqlIO.sqlQueryDirect(MysqlIO.java:2675) ~[mysql-connector-java-5.1.48.jar:5.1.48]
	at com.mysql.jdbc.ConnectionImpl.execSQL(ConnectionImpl.java:2465) ~[mysql-connector-java-5.1.48.jar:5.1.48]
	at com.mysql.jdbc.PreparedStatement.executeInternal(PreparedStatement.java:1912) ~[mysql-connector-java-5.1.48.jar:5.1.48]
	at com.mysql.jdbc.PreparedStatement.executeUpdateInternal(PreparedStatement.java:2133) ~[mysql-connector-java-5.1.48.jar:5.1.48]
	at com.mysql.jdbc.PreparedStatement.executeUpdateInternal(PreparedStatement.java:2067) ~[mysql-connector-java-5.1.48.jar:5.1.48]
	at com.mysql.jdbc.PreparedStatement.executeLargeUpdate(PreparedStatement.java:5175) ~[mysql-connector-java-5.1.48.jar:5.1.48]
	at com.mysql.jdbc.PreparedStatement.executeUpdate(PreparedStatement.java:2052) ~[mysql-connector-java-5.1.48.jar:5.1.48]
	at com.traulko.course.dao.impl.UserDaoImpl.block(UserDaoImpl.java:103) ~[classes/:?]
	at com.traulko.course.service.impl.UserServiceImpl.blockUser(UserServiceImpl.java:56) ~[classes/:?]
	... 3 more
2020-12-04 03:56:48 [Thread-2] INFO  traulko.course.dao.connection.ConnectionPool - Connection pool has been filled
2020-12-04 03:57:50 [Thread-2] FATAL traulko.course.dao.connection.ConnectionPool - Error during connection pool creating
2020-12-04 03:58:05 [JavaFX Application Thread] ERROR course.controller.command.impl.SignUpCommand - Error while getting connection result
java.net.SocketException: Connection reset
	at sun.nio.ch.NioSocketImpl.implRead(NioSocketImpl.java:323) ~[?:?]
	at sun.nio.ch.NioSocketImpl.read(NioSocketImpl.java:350) ~[?:?]
	at sun.nio.ch.NioSocketImpl$1.read(NioSocketImpl.java:803) ~[?:?]
	at java.net.Socket$SocketInputStream.read(Socket.java:982) ~[?:?]
	at java.net.Socket$SocketInputStream.read(Socket.java:977) ~[?:?]
	at java.io.ObjectInputStream$PeekInputStream.peek(ObjectInputStream.java:2872) ~[?:?]
	at java.io.ObjectInputStream$BlockDataInputStream.peek(ObjectInputStream.java:3199) ~[?:?]
	at java.io.ObjectInputStream$BlockDataInputStream.peekByte(ObjectInputStream.java:3209) ~[?:?]
	at java.io.ObjectInputStream.readObject0(ObjectInputStream.java:1658) ~[?:?]
	at java.io.ObjectInputStream.readObject(ObjectInputStream.java:517) ~[?:?]
	at java.io.ObjectInputStream.readObject(ObjectInputStream.java:475) ~[?:?]
	at com.traulko.course.client.ClientConnection.getConnectionResult(ClientConnection.java:24) ~[classes/:?]
	at com.traulko.course.client.fxml.UsersManagePage.lambda$initialize$1(UsersManagePage.java:65) ~[classes/:?]
	at com.sun.javafx.event.CompositeEventHandler.dispatchBubblingEvent(CompositeEventHandler.java:86) ~[javafx.base.jar:?]
	at com.sun.javafx.event.EventHandlerManager.dispatchBubblingEvent(EventHandlerManager.java:238) ~[javafx.base.jar:?]
	at com.sun.javafx.event.EventHandlerManager.dispatchBubblingEvent(EventHandlerManager.java:191) ~[javafx.base.jar:?]
	at com.sun.javafx.event.CompositeEventDispatcher.dispatchBubblingEvent(CompositeEventDispatcher.java:59) ~[javafx.base.jar:?]
	at com.sun.javafx.event.BasicEventDispatcher.dispatchEvent(BasicEventDispatcher.java:58) ~[javafx.base.jar:?]
	at com.sun.javafx.event.EventDispatchChainImpl.dispatchEvent(EventDispatchChainImpl.java:114) ~[javafx.base.jar:?]
	at com.sun.javafx.event.BasicEventDispatcher.dispatchEvent(BasicEventDispatcher.java:56) ~[javafx.base.jar:?]
	at com.sun.javafx.event.EventDispatchChainImpl.dispatchEvent(EventDispatchChainImpl.java:114) ~[javafx.base.jar:?]
	at com.sun.javafx.event.BasicEventDispatcher.dispatchEvent(BasicEventDispatcher.java:56) ~[javafx.base.jar:?]
	at com.sun.javafx.event.EventDispatchChainImpl.dispatchEvent(EventDispatchChainImpl.java:114) ~[javafx.base.jar:?]
	at com.sun.javafx.event.EventUtil.fireEventImpl(EventUtil.java:74) ~[javafx.base.jar:?]
	at com.sun.javafx.event.EventUtil.fireEvent(EventUtil.java:49) ~[javafx.base.jar:?]
	at javafx.event.Event.fireEvent(Event.java:198) ~[javafx.base.jar:?]
	at javafx.scene.Node.fireEvent(Node.java:8879) ~[javafx.graphics.jar:?]
	at javafx.scene.control.Button.fire(Button.java:200) ~[javafx.controls.jar:?]
	at com.sun.javafx.scene.control.behavior.ButtonBehavior.mouseReleased(ButtonBehavior.java:206) ~[javafx.controls.jar:?]
	at com.sun.javafx.scene.control.inputmap.InputMap.handle(InputMap.java:274) ~[javafx.controls.jar:?]
	at com.sun.javafx.event.CompositeEventHandler$NormalEventHandlerRecord.handleBubblingEvent(CompositeEventHandler.java:218) ~[javafx.base.jar:?]
	at com.sun.javafx.event.CompositeEventHandler.dispatchBubblingEvent(CompositeEventHandler.java:80) ~[javafx.base.jar:?]
	at com.sun.javafx.event.EventHandlerManager.dispatchBubblingEvent(EventHandlerManager.java:238) ~[javafx.base.jar:?]
	at com.sun.javafx.event.EventHandlerManager.dispatchBubblingEvent(EventHandlerManager.java:191) ~[javafx.base.jar:?]
	at com.sun.javafx.event.CompositeEventDispatcher.dispatchBubblingEvent(CompositeEventDispatcher.java:59) ~[javafx.base.jar:?]
	at com.sun.javafx.event.BasicEventDispatcher.dispatchEvent(BasicEventDispatcher.java:58) ~[javafx.base.jar:?]
	at com.sun.javafx.event.EventDispatchChainImpl.dispatchEvent(EventDispatchChainImpl.java:114) ~[javafx.base.jar:?]
	at com.sun.javafx.event.BasicEventDispatcher.dispatchEvent(BasicEventDispatcher.java:56) ~[javafx.base.jar:?]
	at com.sun.javafx.event.EventDispatchChainImpl.dispatchEvent(EventDispatchChainImpl.java:114) ~[javafx.base.jar:?]
	at com.sun.javafx.event.BasicEventDispatcher.dispatchEvent(BasicEventDispatcher.java:56) ~[javafx.base.jar:?]
	at com.sun.javafx.event.EventDispatchChainImpl.dispatchEvent(EventDispatchChainImpl.java:114) ~[javafx.base.jar:?]
	at com.sun.javafx.event.EventUtil.fireEventImpl(EventUtil.java:74) ~[javafx.base.jar:?]
	at com.sun.javafx.event.EventUtil.fireEvent(EventUtil.java:54) ~[javafx.base.jar:?]
	at javafx.event.Event.fireEvent(Event.java:198) ~[javafx.base.jar:?]
	at javafx.scene.Scene$MouseHandler.process(Scene.java:3851) ~[javafx.graphics.jar:?]
	at javafx.scene.Scene$MouseHandler.access$1200(Scene.java:3579) ~[javafx.graphics.jar:?]
	at javafx.scene.Scene.processMouseEvent(Scene.java:1849) ~[javafx.graphics.jar:?]
	at javafx.scene.Scene$ScenePeerListener.mouseEvent(Scene.java:2588) ~[javafx.graphics.jar:?]
	at com.sun.javafx.tk.quantum.GlassViewEventHandler$MouseEventNotification.run(GlassViewEventHandler.java:397) ~[javafx.graphics.jar:?]
	at com.sun.javafx.tk.quantum.GlassViewEventHandler$MouseEventNotification.run(GlassViewEventHandler.java:295) ~[javafx.graphics.jar:?]
	at java.security.AccessController.doPrivileged(AccessController.java:391) ~[?:?]
	at com.sun.javafx.tk.quantum.GlassViewEventHandler.lambda$handleMouseEvent$2(GlassViewEventHandler.java:434) ~[javafx.graphics.jar:?]
	at com.sun.javafx.tk.quantum.QuantumToolkit.runWithoutRenderLock(QuantumToolkit.java:390) ~[javafx.graphics.jar:?]
	at com.sun.javafx.tk.quantum.GlassViewEventHandler.handleMouseEvent(GlassViewEventHandler.java:433) ~[javafx.graphics.jar:?]
	at com.sun.glass.ui.View.handleMouseEvent(View.java:556) ~[javafx.graphics.jar:?]
	at com.sun.glass.ui.View.notifyMouse(View.java:942) ~[javafx.graphics.jar:?]
	at com.sun.glass.ui.win.WinApplication._runLoop(Native Method) ~[javafx.graphics.jar:?]
	at com.sun.glass.ui.win.WinApplication.lambda$runLoop$3(WinApplication.java:174) ~[javafx.graphics.jar:?]
	at java.lang.Thread.run(Thread.java:832) [?:?]
2020-12-04 03:58:39 [Thread-2] FATAL traulko.course.dao.connection.ConnectionPool - Error during connection pool creating
2020-12-04 03:59:13 [Thread-2] INFO  traulko.course.dao.connection.ConnectionPool - Connection pool has been filled
2020-12-04 04:00:25 [Thread-4] ERROR course.controller.command.impl.BlockUserCommand - Error while blocking user
com.traulko.course.exception.ServiceException: Error while blocking user
	at com.traulko.course.service.impl.UserServiceImpl.blockUser(UserServiceImpl.java:59) ~[classes/:?]
	at com.traulko.course.controller.command.impl.BlockUserCommand.execute(BlockUserCommand.java:22) [classes/:?]
	at com.traulko.course.server.Worker.run(Worker.java:32) [classes/:?]
	at java.lang.Thread.run(Thread.java:832) [?:?]
Caused by: com.traulko.course.exception.DaoException: Blocking user error
	at com.traulko.course.dao.impl.UserDaoImpl.block(UserDaoImpl.java:105) ~[classes/:?]
	at com.traulko.course.service.impl.UserServiceImpl.blockUser(UserServiceImpl.java:56) ~[classes/:?]
	... 3 more
Caused by: com.mysql.jdbc.exceptions.jdbc4.MySQLSyntaxErrorException: Unknown column 'email' in 'where clause'
	at jdk.internal.reflect.NativeConstructorAccessorImpl.newInstance0(Native Method) ~[?:?]
	at jdk.internal.reflect.NativeConstructorAccessorImpl.newInstance(NativeConstructorAccessorImpl.java:62) ~[?:?]
	at jdk.internal.reflect.DelegatingConstructorAccessorImpl.newInstance(DelegatingConstructorAccessorImpl.java:45) ~[?:?]
	at java.lang.reflect.Constructor.newInstanceWithCaller(Constructor.java:500) ~[?:?]
	at java.lang.reflect.Constructor.newInstance(Constructor.java:481) ~[?:?]
	at com.mysql.jdbc.Util.handleNewInstance(Util.java:425) ~[mysql-connector-java-5.1.48.jar:5.1.48]
	at com.mysql.jdbc.Util.getInstance(Util.java:408) ~[mysql-connector-java-5.1.48.jar:5.1.48]
	at com.mysql.jdbc.SQLError.createSQLException(SQLError.java:944) ~[mysql-connector-java-5.1.48.jar:5.1.48]
	at com.mysql.jdbc.MysqlIO.checkErrorPacket(MysqlIO.java:3933) ~[mysql-connector-java-5.1.48.jar:5.1.48]
	at com.mysql.jdbc.MysqlIO.checkErrorPacket(MysqlIO.java:3869) ~[mysql-connector-java-5.1.48.jar:5.1.48]
	at com.mysql.jdbc.MysqlIO.sendCommand(MysqlIO.java:2524) ~[mysql-connector-java-5.1.48.jar:5.1.48]
	at com.mysql.jdbc.MysqlIO.sqlQueryDirect(MysqlIO.java:2675) ~[mysql-connector-java-5.1.48.jar:5.1.48]
	at com.mysql.jdbc.ConnectionImpl.execSQL(ConnectionImpl.java:2465) ~[mysql-connector-java-5.1.48.jar:5.1.48]
	at com.mysql.jdbc.PreparedStatement.executeInternal(PreparedStatement.java:1912) ~[mysql-connector-java-5.1.48.jar:5.1.48]
	at com.mysql.jdbc.PreparedStatement.executeUpdateInternal(PreparedStatement.java:2133) ~[mysql-connector-java-5.1.48.jar:5.1.48]
	at com.mysql.jdbc.PreparedStatement.executeUpdateInternal(PreparedStatement.java:2067) ~[mysql-connector-java-5.1.48.jar:5.1.48]
	at com.mysql.jdbc.PreparedStatement.executeLargeUpdate(PreparedStatement.java:5175) ~[mysql-connector-java-5.1.48.jar:5.1.48]
	at com.mysql.jdbc.PreparedStatement.executeUpdate(PreparedStatement.java:2052) ~[mysql-connector-java-5.1.48.jar:5.1.48]
	at com.traulko.course.dao.impl.UserDaoImpl.block(UserDaoImpl.java:103) ~[classes/:?]
	at com.traulko.course.service.impl.UserServiceImpl.blockUser(UserServiceImpl.java:56) ~[classes/:?]
	... 3 more
2020-12-04 04:00:38 [Thread-2] INFO  traulko.course.dao.connection.ConnectionPool - Connection pool has been filled
2020-12-04 04:00:58 [Thread-5] ERROR course.controller.command.impl.BlockUserCommand - Error while blocking user
com.traulko.course.exception.ServiceException: Error while blocking user
	at com.traulko.course.service.impl.UserServiceImpl.blockUser(UserServiceImpl.java:59) ~[classes/:?]
	at com.traulko.course.controller.command.impl.BlockUserCommand.execute(BlockUserCommand.java:22) [classes/:?]
	at com.traulko.course.server.Worker.run(Worker.java:32) [classes/:?]
	at java.lang.Thread.run(Thread.java:832) [?:?]
Caused by: com.traulko.course.exception.DaoException: Blocking user error
	at com.traulko.course.dao.impl.UserDaoImpl.block(UserDaoImpl.java:105) ~[classes/:?]
	at com.traulko.course.service.impl.UserServiceImpl.blockUser(UserServiceImpl.java:56) ~[classes/:?]
	... 3 more
Caused by: com.mysql.jdbc.exceptions.jdbc4.MySQLSyntaxErrorException: Unknown column 'email' in 'where clause'
	at jdk.internal.reflect.NativeConstructorAccessorImpl.newInstance0(Native Method) ~[?:?]
	at jdk.internal.reflect.NativeConstructorAccessorImpl.newInstance(NativeConstructorAccessorImpl.java:62) ~[?:?]
	at jdk.internal.reflect.DelegatingConstructorAccessorImpl.newInstance(DelegatingConstructorAccessorImpl.java:45) ~[?:?]
	at java.lang.reflect.Constructor.newInstanceWithCaller(Constructor.java:500) ~[?:?]
	at java.lang.reflect.Constructor.newInstance(Constructor.java:481) ~[?:?]
	at com.mysql.jdbc.Util.handleNewInstance(Util.java:425) ~[mysql-connector-java-5.1.48.jar:5.1.48]
	at com.mysql.jdbc.Util.getInstance(Util.java:408) ~[mysql-connector-java-5.1.48.jar:5.1.48]
	at com.mysql.jdbc.SQLError.createSQLException(SQLError.java:944) ~[mysql-connector-java-5.1.48.jar:5.1.48]
	at com.mysql.jdbc.MysqlIO.checkErrorPacket(MysqlIO.java:3933) ~[mysql-connector-java-5.1.48.jar:5.1.48]
	at com.mysql.jdbc.MysqlIO.checkErrorPacket(MysqlIO.java:3869) ~[mysql-connector-java-5.1.48.jar:5.1.48]
	at com.mysql.jdbc.MysqlIO.sendCommand(MysqlIO.java:2524) ~[mysql-connector-java-5.1.48.jar:5.1.48]
	at com.mysql.jdbc.MysqlIO.sqlQueryDirect(MysqlIO.java:2675) ~[mysql-connector-java-5.1.48.jar:5.1.48]
	at com.mysql.jdbc.ConnectionImpl.execSQL(ConnectionImpl.java:2465) ~[mysql-connector-java-5.1.48.jar:5.1.48]
	at com.mysql.jdbc.PreparedStatement.executeInternal(PreparedStatement.java:1912) ~[mysql-connector-java-5.1.48.jar:5.1.48]
	at com.mysql.jdbc.PreparedStatement.executeUpdateInternal(PreparedStatement.java:2133) ~[mysql-connector-java-5.1.48.jar:5.1.48]
	at com.mysql.jdbc.PreparedStatement.executeUpdateInternal(PreparedStatement.java:2067) ~[mysql-connector-java-5.1.48.jar:5.1.48]
	at com.mysql.jdbc.PreparedStatement.executeLargeUpdate(PreparedStatement.java:5175) ~[mysql-connector-java-5.1.48.jar:5.1.48]
	at com.mysql.jdbc.PreparedStatement.executeUpdate(PreparedStatement.java:2052) ~[mysql-connector-java-5.1.48.jar:5.1.48]
	at com.traulko.course.dao.impl.UserDaoImpl.block(UserDaoImpl.java:103) ~[classes/:?]
	at com.traulko.course.service.impl.UserServiceImpl.blockUser(UserServiceImpl.java:56) ~[classes/:?]
	... 3 more
2020-12-04 04:01:53 [Thread-2] INFO  traulko.course.dao.connection.ConnectionPool - Connection pool has been filled
2020-12-04 04:02:37 [Thread-4] ERROR course.controller.command.impl.BlockUserCommand - Error while blocking user
com.traulko.course.exception.ServiceException: Error while blocking user
	at com.traulko.course.service.impl.UserServiceImpl.blockUser(UserServiceImpl.java:59) ~[classes/:?]
	at com.traulko.course.controller.command.impl.BlockUserCommand.execute(BlockUserCommand.java:22) [classes/:?]
	at com.traulko.course.server.Worker.run(Worker.java:32) [classes/:?]
	at java.lang.Thread.run(Thread.java:832) [?:?]
Caused by: com.traulko.course.exception.DaoException: Blocking user error
	at com.traulko.course.dao.impl.UserDaoImpl.block(UserDaoImpl.java:105) ~[classes/:?]
	at com.traulko.course.service.impl.UserServiceImpl.blockUser(UserServiceImpl.java:56) ~[classes/:?]
	... 3 more
Caused by: com.mysql.jdbc.exceptions.jdbc4.MySQLSyntaxErrorException: Unknown column 'email' in 'where clause'
	at jdk.internal.reflect.NativeConstructorAccessorImpl.newInstance0(Native Method) ~[?:?]
	at jdk.internal.reflect.NativeConstructorAccessorImpl.newInstance(NativeConstructorAccessorImpl.java:62) ~[?:?]
	at jdk.internal.reflect.DelegatingConstructorAccessorImpl.newInstance(DelegatingConstructorAccessorImpl.java:45) ~[?:?]
	at java.lang.reflect.Constructor.newInstanceWithCaller(Constructor.java:500) ~[?:?]
	at java.lang.reflect.Constructor.newInstance(Constructor.java:481) ~[?:?]
	at com.mysql.jdbc.Util.handleNewInstance(Util.java:425) ~[mysql-connector-java-5.1.48.jar:5.1.48]
	at com.mysql.jdbc.Util.getInstance(Util.java:408) ~[mysql-connector-java-5.1.48.jar:5.1.48]
	at com.mysql.jdbc.SQLError.createSQLException(SQLError.java:944) ~[mysql-connector-java-5.1.48.jar:5.1.48]
	at com.mysql.jdbc.MysqlIO.checkErrorPacket(MysqlIO.java:3933) ~[mysql-connector-java-5.1.48.jar:5.1.48]
	at com.mysql.jdbc.MysqlIO.checkErrorPacket(MysqlIO.java:3869) ~[mysql-connector-java-5.1.48.jar:5.1.48]
	at com.mysql.jdbc.MysqlIO.sendCommand(MysqlIO.java:2524) ~[mysql-connector-java-5.1.48.jar:5.1.48]
	at com.mysql.jdbc.MysqlIO.sqlQueryDirect(MysqlIO.java:2675) ~[mysql-connector-java-5.1.48.jar:5.1.48]
	at com.mysql.jdbc.ConnectionImpl.execSQL(ConnectionImpl.java:2465) ~[mysql-connector-java-5.1.48.jar:5.1.48]
	at com.mysql.jdbc.PreparedStatement.executeInternal(PreparedStatement.java:1912) ~[mysql-connector-java-5.1.48.jar:5.1.48]
	at com.mysql.jdbc.PreparedStatement.executeUpdateInternal(PreparedStatement.java:2133) ~[mysql-connector-java-5.1.48.jar:5.1.48]
	at com.mysql.jdbc.PreparedStatement.executeUpdateInternal(PreparedStatement.java:2067) ~[mysql-connector-java-5.1.48.jar:5.1.48]
	at com.mysql.jdbc.PreparedStatement.executeLargeUpdate(PreparedStatement.java:5175) ~[mysql-connector-java-5.1.48.jar:5.1.48]
	at com.mysql.jdbc.PreparedStatement.executeUpdate(PreparedStatement.java:2052) ~[mysql-connector-java-5.1.48.jar:5.1.48]
	at com.traulko.course.dao.impl.UserDaoImpl.block(UserDaoImpl.java:103) ~[classes/:?]
	at com.traulko.course.service.impl.UserServiceImpl.blockUser(UserServiceImpl.java:56) ~[classes/:?]
	... 3 more
2020-12-04 04:02:37 [JavaFX Application Thread] ERROR course.controller.command.impl.SignUpCommand - Error while getting connection result
java.net.SocketException: Connection reset
	at sun.nio.ch.NioSocketImpl.implRead(NioSocketImpl.java:323) ~[?:?]
	at sun.nio.ch.NioSocketImpl.read(NioSocketImpl.java:350) ~[?:?]
	at sun.nio.ch.NioSocketImpl$1.read(NioSocketImpl.java:803) ~[?:?]
	at java.net.Socket$SocketInputStream.read(Socket.java:982) ~[?:?]
	at java.net.Socket$SocketInputStream.read(Socket.java:977) ~[?:?]
	at java.io.ObjectInputStream$PeekInputStream.peek(ObjectInputStream.java:2872) ~[?:?]
	at java.io.ObjectInputStream$BlockDataInputStream.peek(ObjectInputStream.java:3199) ~[?:?]
	at java.io.ObjectInputStream$BlockDataInputStream.peekByte(ObjectInputStream.java:3209) ~[?:?]
	at java.io.ObjectInputStream.readObject0(ObjectInputStream.java:1658) ~[?:?]
	at java.io.ObjectInputStream.readObject(ObjectInputStream.java:517) ~[?:?]
	at java.io.ObjectInputStream.readObject(ObjectInputStream.java:475) ~[?:?]
	at java.util.HashMap.readObject(HashMap.java:1551) ~[?:?]
	at jdk.internal.reflect.NativeMethodAccessorImpl.invoke0(Native Method) ~[?:?]
	at jdk.internal.reflect.NativeMethodAccessorImpl.invoke(NativeMethodAccessorImpl.java:62) ~[?:?]
	at jdk.internal.reflect.DelegatingMethodAccessorImpl.invoke(DelegatingMethodAccessorImpl.java:43) ~[?:?]
	at java.lang.reflect.Method.invoke(Method.java:564) ~[?:?]
	at java.io.ObjectStreamClass.invokeReadObject(ObjectStreamClass.java:1216) ~[?:?]
	at java.io.ObjectInputStream.readSerialData(ObjectInputStream.java:2381) ~[?:?]
	at java.io.ObjectInputStream.readOrdinaryObject(ObjectInputStream.java:2215) ~[?:?]
	at java.io.ObjectInputStream.readObject0(ObjectInputStream.java:1707) ~[?:?]
	at java.io.ObjectInputStream.defaultReadFields(ObjectInputStream.java:2520) ~[?:?]
	at java.io.ObjectInputStream.readSerialData(ObjectInputStream.java:2414) ~[?:?]
	at java.io.ObjectInputStream.readOrdinaryObject(ObjectInputStream.java:2215) ~[?:?]
	at java.io.ObjectInputStream.readObject0(ObjectInputStream.java:1707) ~[?:?]
	at java.io.ObjectInputStream.readObject(ObjectInputStream.java:517) ~[?:?]
	at java.io.ObjectInputStream.readObject(ObjectInputStream.java:475) ~[?:?]
	at com.traulko.course.client.ClientConnection.getConnectionResult(ClientConnection.java:24) ~[classes/:?]
	at com.traulko.course.client.fxml.UsersManagePage.lambda$initialize$1(UsersManagePage.java:65) ~[classes/:?]
	at com.sun.javafx.event.CompositeEventHandler.dispatchBubblingEvent(CompositeEventHandler.java:86) ~[javafx.base.jar:?]
	at com.sun.javafx.event.EventHandlerManager.dispatchBubblingEvent(EventHandlerManager.java:238) ~[javafx.base.jar:?]
	at com.sun.javafx.event.EventHandlerManager.dispatchBubblingEvent(EventHandlerManager.java:191) ~[javafx.base.jar:?]
	at com.sun.javafx.event.CompositeEventDispatcher.dispatchBubblingEvent(CompositeEventDispatcher.java:59) ~[javafx.base.jar:?]
	at com.sun.javafx.event.BasicEventDispatcher.dispatchEvent(BasicEventDispatcher.java:58) ~[javafx.base.jar:?]
	at com.sun.javafx.event.EventDispatchChainImpl.dispatchEvent(EventDispatchChainImpl.java:114) ~[javafx.base.jar:?]
	at com.sun.javafx.event.BasicEventDispatcher.dispatchEvent(BasicEventDispatcher.java:56) ~[javafx.base.jar:?]
	at com.sun.javafx.event.EventDispatchChainImpl.dispatchEvent(EventDispatchChainImpl.java:114) ~[javafx.base.jar:?]
	at com.sun.javafx.event.BasicEventDispatcher.dispatchEvent(BasicEventDispatcher.java:56) ~[javafx.base.jar:?]
	at com.sun.javafx.event.EventDispatchChainImpl.dispatchEvent(EventDispatchChainImpl.java:114) ~[javafx.base.jar:?]
	at com.sun.javafx.event.EventUtil.fireEventImpl(EventUtil.java:74) ~[javafx.base.jar:?]
	at com.sun.javafx.event.EventUtil.fireEvent(EventUtil.java:49) ~[javafx.base.jar:?]
	at javafx.event.Event.fireEvent(Event.java:198) ~[javafx.base.jar:?]
	at javafx.scene.Node.fireEvent(Node.java:8879) ~[javafx.graphics.jar:?]
	at javafx.scene.control.Button.fire(Button.java:200) ~[javafx.controls.jar:?]
	at com.sun.javafx.scene.control.behavior.ButtonBehavior.mouseReleased(ButtonBehavior.java:206) ~[javafx.controls.jar:?]
	at com.sun.javafx.scene.control.inputmap.InputMap.handle(InputMap.java:274) ~[javafx.controls.jar:?]
	at com.sun.javafx.event.CompositeEventHandler$NormalEventHandlerRecord.handleBubblingEvent(CompositeEventHandler.java:218) ~[javafx.base.jar:?]
	at com.sun.javafx.event.CompositeEventHandler.dispatchBubblingEvent(CompositeEventHandler.java:80) ~[javafx.base.jar:?]
	at com.sun.javafx.event.EventHandlerManager.dispatchBubblingEvent(EventHandlerManager.java:238) ~[javafx.base.jar:?]
	at com.sun.javafx.event.EventHandlerManager.dispatchBubblingEvent(EventHandlerManager.java:191) ~[javafx.base.jar:?]
	at com.sun.javafx.event.CompositeEventDispatcher.dispatchBubblingEvent(CompositeEventDispatcher.java:59) ~[javafx.base.jar:?]
	at com.sun.javafx.event.BasicEventDispatcher.dispatchEvent(BasicEventDispatcher.java:58) ~[javafx.base.jar:?]
	at com.sun.javafx.event.EventDispatchChainImpl.dispatchEvent(EventDispatchChainImpl.java:114) ~[javafx.base.jar:?]
	at com.sun.javafx.event.BasicEventDispatcher.dispatchEvent(BasicEventDispatcher.java:56) ~[javafx.base.jar:?]
	at com.sun.javafx.event.EventDispatchChainImpl.dispatchEvent(EventDispatchChainImpl.java:114) ~[javafx.base.jar:?]
	at com.sun.javafx.event.BasicEventDispatcher.dispatchEvent(BasicEventDispatcher.java:56) ~[javafx.base.jar:?]
	at com.sun.javafx.event.EventDispatchChainImpl.dispatchEvent(EventDispatchChainImpl.java:114) ~[javafx.base.jar:?]
	at com.sun.javafx.event.EventUtil.fireEventImpl(EventUtil.java:74) ~[javafx.base.jar:?]
	at com.sun.javafx.event.EventUtil.fireEvent(EventUtil.java:54) ~[javafx.base.jar:?]
	at javafx.event.Event.fireEvent(Event.java:198) ~[javafx.base.jar:?]
	at javafx.scene.Scene$MouseHandler.process(Scene.java:3851) ~[javafx.graphics.jar:?]
	at javafx.scene.Scene$MouseHandler.access$1200(Scene.java:3579) ~[javafx.graphics.jar:?]
	at javafx.scene.Scene.processMouseEvent(Scene.java:1849) ~[javafx.graphics.jar:?]
	at javafx.scene.Scene$ScenePeerListener.mouseEvent(Scene.java:2588) ~[javafx.graphics.jar:?]
	at com.sun.javafx.tk.quantum.GlassViewEventHandler$MouseEventNotification.run(GlassViewEventHandler.java:397) ~[javafx.graphics.jar:?]
	at com.sun.javafx.tk.quantum.GlassViewEventHandler$MouseEventNotification.run(GlassViewEventHandler.java:295) ~[javafx.graphics.jar:?]
	at java.security.AccessController.doPrivileged(AccessController.java:391) ~[?:?]
	at com.sun.javafx.tk.quantum.GlassViewEventHandler.lambda$handleMouseEvent$2(GlassViewEventHandler.java:434) ~[javafx.graphics.jar:?]
	at com.sun.javafx.tk.quantum.QuantumToolkit.runWithoutRenderLock(QuantumToolkit.java:390) ~[javafx.graphics.jar:?]
	at com.sun.javafx.tk.quantum.GlassViewEventHandler.handleMouseEvent(GlassViewEventHandler.java:433) ~[javafx.graphics.jar:?]
	at com.sun.glass.ui.View.handleMouseEvent(View.java:556) ~[javafx.graphics.jar:?]
	at com.sun.glass.ui.View.notifyMouse(View.java:942) ~[javafx.graphics.jar:?]
	at com.sun.glass.ui.win.WinApplication._runLoop(Native Method) ~[javafx.graphics.jar:?]
	at com.sun.glass.ui.win.WinApplication.lambda$runLoop$3(WinApplication.java:174) ~[javafx.graphics.jar:?]
	at java.lang.Thread.run(Thread.java:832) [?:?]
